<?xml version="1.0" encoding="UTF-8"?>
<!-- Generated by org.testng.reporters.JUnitReportReporter -->
<testsuite hostname="Nantha-PC" failures="0" tests="1" name="com.testng.proj.NewTest" time="73.787" errors="0" timestamp="2022-10-17T08:00:33 IST" skipped="0">
  <testcase classname="com.testng.proj.NewTest" name="f" time="73.787"/>
  <system-out/>
</testsuite> <!-- com.testng.proj.NewTest -->
