<?xml version="1.0" encoding="UTF-8"?>
<!-- Generated by org.testng.reporters.JUnitReportReporter -->
<testsuite hostname="Nantha-PC" failures="0" tests="1" name="com.testng.sele1.FileUpload" time="64.901" errors="0" timestamp="2022-11-15T07:36:59 IST" skipped="0">
  <testcase classname="com.testng.sele1.FileUpload" name="f" time="64.901"/>
  <system-out/>
</testsuite> <!-- com.testng.sele1.FileUpload -->
