<?xml version="1.0" encoding="UTF-8"?>
<!-- Generated by org.testng.reporters.JUnitReportReporter -->
<testsuite hostname="Nantha-PC" failures="0" tests="1" name="com.testng.sele1.DragandDrop" time="30.741" errors="0" timestamp="2022-10-31T07:26:21 IST" skipped="0">
  <testcase classname="com.testng.sele1.DragandDrop" name="f" time="30.741"/>
  <system-out/>
</testsuite> <!-- com.testng.sele1.DragandDrop -->
