<?xml version="1.0" encoding="UTF-8"?>
<!-- Generated by org.testng.reporters.JUnitReportReporter -->
<testsuite hostname="Nantha-PC" failures="0" tests="1" name="com.testng.sele1.Screenshot" time="9.559" errors="0" timestamp="2022-10-27T07:19:53 IST" skipped="0">
  <testcase classname="com.testng.sele1.Screenshot" name="takescreenshot" time="9.559"/>
  <system-out/>
</testsuite> <!-- com.testng.sele1.Screenshot -->
