<?xml version="1.0" encoding="UTF-8"?>
<!-- Generated by org.testng.reporters.JUnitReportReporter -->
<testsuite hostname="Nantha-PC" failures="0" tests="1" name="com.testng.sele1.Scrolling" time="22.468" errors="0" timestamp="2022-11-17T07:02:43 IST" skipped="0">
  <testcase classname="com.testng.sele1.Scrolling" name="f" time="22.468"/>
  <system-out/>
</testsuite> <!-- com.testng.sele1.Scrolling -->
