<?xml version="1.0" encoding="UTF-8"?>
<!-- Generated by org.testng.reporters.JUnitReportReporter -->
<testsuite hostname="Nantha-PC" failures="0" tests="1" name="com.testng.sele1.DownLoadFile" time="24.925" errors="0" timestamp="2022-11-16T07:49:15 IST" skipped="0">
  <testcase classname="com.testng.sele1.DownLoadFile" name="f" time="24.925"/>
  <system-out/>
</testsuite> <!-- com.testng.sele1.DownLoadFile -->
