<?xml version="1.0" encoding="UTF-8"?>
<!-- Generated by org.testng.reporters.JUnitReportReporter -->
<testsuite hostname="Nantha-PC" failures="0" tests="1" name="com.testng.sele1.BootstrapDD" time="39.919" errors="0" timestamp="2022-10-31T06:50:15 IST" skipped="0">
  <testcase classname="com.testng.sele1.BootstrapDD" name="f" time="39.919"/>
  <system-out/>
</testsuite> <!-- com.testng.sele1.BootstrapDD -->
