<?xml version="1.0" encoding="UTF-8"?>
<!-- Generated by org.testng.reporters.JUnitReportReporter -->
<testsuite hostname="Nantha-PC" failures="0" tests="1" name="com.testng.sele1.Actions1" time="10.698" errors="0" timestamp="2022-10-26T06:56:24 IST" skipped="0">
  <testcase classname="com.testng.sele1.Actions1" name="f" time="10.698"/>
  <system-out/>
</testsuite> <!-- com.testng.sele1.Actions1 -->
