<?xml version="1.0" encoding="UTF-8"?>
<!-- Generated by org.testng.reporters.JUnitReportReporter -->
<testsuite hostname="Nantha-PC" failures="0" tests="2" name="com.testng.sele.NewTest" time="0.016" errors="0" timestamp="2022-10-26T07:50:19 IST" skipped="0">
  <testcase classname="com.testng.sele.NewTest" name="second_test" time="0.004"/>
  <system-out/>
  <testcase classname="com.testng.sele.NewTest" name="first_test" time="0.012"/>
  <system-out/>
</testsuite> <!-- com.testng.sele.NewTest -->
