<?xml version="1.0" encoding="UTF-8"?>
<!-- Generated by org.testng.reporters.JUnitReportReporter -->
<testsuite hostname="Nantha-PC" failures="0" tests="2" name="com.testng.sele1.MulWin" time="16.934" errors="0" timestamp="2022-10-31T07:50:21 IST" skipped="0">
  <testcase classname="com.testng.sele1.MulWin" name="f1" time="8.812"/>
  <system-out/>
  <testcase classname="com.testng.sele1.MulWin" name="f" time="8.122"/>
  <system-out/>
</testsuite> <!-- com.testng.sele1.MulWin -->
