<?xml version="1.0" encoding="UTF-8"?>
<!-- Generated by org.testng.reporters.JUnitReportReporter -->
<testsuite hostname="Nantha-PC" failures="0" tests="1" name="com.testng.sele1.DataDriven" time="50.273" errors="0" timestamp="2022-11-08T07:58:32 IST" skipped="0">
  <testcase classname="com.testng.sele1.DataDriven" name="f" time="50.273"/>
  <system-out/>
</testsuite> <!-- com.testng.sele1.DataDriven -->
