<?xml version="1.0" encoding="UTF-8"?>
<!-- Generated by org.testng.reporters.JUnitReportReporter -->
<testsuite hostname="Nantha-PC" failures="0" tests="1" name="com.TestCases.Login" time="17.514" errors="0" timestamp="2022-11-11T11:34:20 IST" skipped="0">
  <testcase classname="com.TestCases.Login" name="LoginMethod" time="17.514"/>
  <system-out/>
</testsuite> <!-- com.TestCases.Login -->
